[ 47%] Built target ddynamic_reconfigure
[ 47%] Built target _ddynamic_reconfigure_generate_messages_check_deps_TutorialParams
[ 47%] Built target std_msgs_generate_messages_nodejs
[ 52%] Built target ddynamic_reconfigure_generate_messages_nodejs
[ 52%] Built target std_msgs_generate_messages_py
[ 64%] Built target ddynamic_reconfigure_generate_messages_py
[ 64%] Built target std_msgs_generate_messages_cpp
[ 70%] Built target ddynamic_reconfigure_generate_messages_cpp
[ 70%] Built target std_msgs_generate_messages_eus
[ 82%] Built target ddynamic_reconfigure_generate_messages_eus
[ 82%] Built target std_msgs_generate_messages_lisp
[ 88%] Built target ddynamic_reconfigure_generate_messages_lisp
[ 88%] Built target ddynamic_reconfigure_generate_messages
[ 88%] Built target ddynamic_reconfigure_gencpp
[100%] Built target dd_server
[36mInstall the project...[0m
-- Install configuration: ""
-- Up-to-date: /home/rock64/adv_robotics/adv_robotics/catkin_ws/install/_setup_util.py
-- Up-to-date: /home/rock64/adv_robotics/adv_robotics/catkin_ws/install/env.sh
-- Up-to-date: /home/rock64/adv_robotics/adv_robotics/catkin_ws/install/setup.bash
-- Up-to-date: /home/rock64/adv_robotics/adv_robotics/catkin_ws/install/setup.sh
-- Up-to-date: /home/rock64/adv_robotics/adv_robotics/catkin_ws/install/setup.zsh
-- Up-to-date: /home/rock64/adv_robotics/adv_robotics/catkin_ws/install/.rosinstall
-- Up-to-date: /home/rock64/adv_robotics/adv_robotics/catkin_ws/install/share/ddynamic_reconfigure/test/TutorialParams.srv
-- Up-to-date: /home/rock64/adv_robotics/adv_robotics/catkin_ws/install/share/ddynamic_reconfigure/cmake/ddynamic_reconfigure-msg-paths.cmake
-- Up-to-date: /home/rock64/adv_robotics/adv_robotics/catkin_ws/install/include/ddynamic_reconfigure
-- Up-to-date: /home/rock64/adv_robotics/adv_robotics/catkin_ws/install/include/ddynamic_reconfigure/TutorialParamsResponse.h
-- Up-to-date: /home/rock64/adv_robotics/adv_robotics/catkin_ws/install/include/ddynamic_reconfigure/TutorialParamsRequest.h
-- Up-to-date: /home/rock64/adv_robotics/adv_robotics/catkin_ws/install/include/ddynamic_reconfigure/TutorialParams.h
-- Up-to-date: /home/rock64/adv_robotics/adv_robotics/catkin_ws/install/share/roseus/ros/ddynamic_reconfigure
-- Up-to-date: /home/rock64/adv_robotics/adv_robotics/catkin_ws/install/share/roseus/ros/ddynamic_reconfigure/srv
-- Up-to-date: /home/rock64/adv_robotics/adv_robotics/catkin_ws/install/share/roseus/ros/ddynamic_reconfigure/srv/TutorialParams.l
-- Up-to-date: /home/rock64/adv_robotics/adv_robotics/catkin_ws/install/share/roseus/ros/ddynamic_reconfigure/manifest.l
-- Up-to-date: /home/rock64/adv_robotics/adv_robotics/catkin_ws/install/share/common-lisp/ros/ddynamic_reconfigure
-- Up-to-date: /home/rock64/adv_robotics/adv_robotics/catkin_ws/install/share/common-lisp/ros/ddynamic_reconfigure/srv
-- Up-to-date: /home/rock64/adv_robotics/adv_robotics/catkin_ws/install/share/common-lisp/ros/ddynamic_reconfigure/srv/_package_TutorialParams.lisp
-- Up-to-date: /home/rock64/adv_robotics/adv_robotics/catkin_ws/install/share/common-lisp/ros/ddynamic_reconfigure/srv/ddynamic_reconfigure-srv.asd
-- Up-to-date: /home/rock64/adv_robotics/adv_robotics/catkin_ws/install/share/common-lisp/ros/ddynamic_reconfigure/srv/TutorialParams.lisp
-- Up-to-date: /home/rock64/adv_robotics/adv_robotics/catkin_ws/install/share/common-lisp/ros/ddynamic_reconfigure/srv/_package.lisp
-- Up-to-date: /home/rock64/adv_robotics/adv_robotics/catkin_ws/install/share/gennodejs/ros/ddynamic_reconfigure
-- Up-to-date: /home/rock64/adv_robotics/adv_robotics/catkin_ws/install/share/gennodejs/ros/ddynamic_reconfigure/srv
-- Up-to-date: /home/rock64/adv_robotics/adv_robotics/catkin_ws/install/share/gennodejs/ros/ddynamic_reconfigure/srv/TutorialParams.js
-- Up-to-date: /home/rock64/adv_robotics/adv_robotics/catkin_ws/install/share/gennodejs/ros/ddynamic_reconfigure/srv/_index.js
-- Up-to-date: /home/rock64/adv_robotics/adv_robotics/catkin_ws/install/share/gennodejs/ros/ddynamic_reconfigure/_index.js
Listing /home/rock64/adv_robotics/adv_robotics/catkin_ws/devel/.private/ddynamic_reconfigure/lib/python2.7/dist-packages/ddynamic_reconfigure ...
Listing /home/rock64/adv_robotics/adv_robotics/catkin_ws/devel/.private/ddynamic_reconfigure/lib/python2.7/dist-packages/ddynamic_reconfigure/srv ...
-- Up-to-date: /home/rock64/adv_robotics/adv_robotics/catkin_ws/install/lib/python2.7/dist-packages/ddynamic_reconfigure
-- Up-to-date: /home/rock64/adv_robotics/adv_robotics/catkin_ws/install/lib/python2.7/dist-packages/ddynamic_reconfigure/__init__.pyc
-- Up-to-date: /home/rock64/adv_robotics/adv_robotics/catkin_ws/install/lib/python2.7/dist-packages/ddynamic_reconfigure/__init__.py
-- Up-to-date: /home/rock64/adv_robotics/adv_robotics/catkin_ws/install/lib/python2.7/dist-packages/ddynamic_reconfigure/srv
-- Up-to-date: /home/rock64/adv_robotics/adv_robotics/catkin_ws/install/lib/python2.7/dist-packages/ddynamic_reconfigure/srv/__init__.pyc
-- Up-to-date: /home/rock64/adv_robotics/adv_robotics/catkin_ws/install/lib/python2.7/dist-packages/ddynamic_reconfigure/srv/_TutorialParams.pyc
-- Up-to-date: /home/rock64/adv_robotics/adv_robotics/catkin_ws/install/lib/python2.7/dist-packages/ddynamic_reconfigure/srv/__init__.py
-- Up-to-date: /home/rock64/adv_robotics/adv_robotics/catkin_ws/install/lib/python2.7/dist-packages/ddynamic_reconfigure/srv/_TutorialParams.py
-- Up-to-date: /home/rock64/adv_robotics/adv_robotics/catkin_ws/install/lib/pkgconfig/ddynamic_reconfigure.pc
-- Up-to-date: /home/rock64/adv_robotics/adv_robotics/catkin_ws/install/share/ddynamic_reconfigure/cmake/ddynamic_reconfigure-msg-extras.cmake
-- Up-to-date: /home/rock64/adv_robotics/adv_robotics/catkin_ws/install/share/ddynamic_reconfigure/cmake/ddynamic_reconfigureConfig.cmake
-- Up-to-date: /home/rock64/adv_robotics/adv_robotics/catkin_ws/install/share/ddynamic_reconfigure/cmake/ddynamic_reconfigureConfig-version.cmake
-- Up-to-date: /home/rock64/adv_robotics/adv_robotics/catkin_ws/install/share/ddynamic_reconfigure/package.xml
-- Up-to-date: /home/rock64/adv_robotics/adv_robotics/catkin_ws/install/lib/libddynamic_reconfigure.so
-- Up-to-date: /home/rock64/adv_robotics/adv_robotics/catkin_ws/install/include/ddynamic_reconfigure
-- Up-to-date: /home/rock64/adv_robotics/adv_robotics/catkin_ws/install/include/ddynamic_reconfigure/param
-- Up-to-date: /home/rock64/adv_robotics/adv_robotics/catkin_ws/install/include/ddynamic_reconfigure/param/dd_enum_param.h
-- Up-to-date: /home/rock64/adv_robotics/adv_robotics/catkin_ws/install/include/ddynamic_reconfigure/param/dd_all_params.h
-- Up-to-date: /home/rock64/adv_robotics/adv_robotics/catkin_ws/install/include/ddynamic_reconfigure/param/dd_string_param.h
-- Up-to-date: /home/rock64/adv_robotics/adv_robotics/catkin_ws/install/include/ddynamic_reconfigure/param/dd_int_param.h
-- Up-to-date: /home/rock64/adv_robotics/adv_robotics/catkin_ws/install/include/ddynamic_reconfigure/param/dd_double_param.h
-- Up-to-date: /home/rock64/adv_robotics/adv_robotics/catkin_ws/install/include/ddynamic_reconfigure/param/dd_bool_param.h
-- Up-to-date: /home/rock64/adv_robotics/adv_robotics/catkin_ws/install/include/ddynamic_reconfigure/ddynamic_reconfigure.h
-- Up-to-date: /home/rock64/adv_robotics/adv_robotics/catkin_ws/install/include/ddynamic_reconfigure/dd_value.h
-- Up-to-date: /home/rock64/adv_robotics/adv_robotics/catkin_ws/install/include/ddynamic_reconfigure/dd_param.h
