[35m[1mScanning dependencies of target _ddynamic_reconfigure_generate_messages_check_deps_TutorialParams[0m
[35m[1mScanning dependencies of target ddynamic_reconfigure[0m
[  5%] [32mBuilding CXX object CMakeFiles/ddynamic_reconfigure.dir/src/ddynamic_reconfigure.cpp.o[0m
[  5%] Built target _ddynamic_reconfigure_generate_messages_check_deps_TutorialParams
[35m[1mScanning dependencies of target std_msgs_generate_messages_nodejs[0m
[  5%] Built target std_msgs_generate_messages_nodejs
[35m[1mScanning dependencies of target std_msgs_generate_messages_py[0m
[  5%] Built target std_msgs_generate_messages_py
[35m[1mScanning dependencies of target std_msgs_generate_messages_cpp[0m
[  5%] Built target std_msgs_generate_messages_cpp
[35m[1mScanning dependencies of target std_msgs_generate_messages_eus[0m
[  5%] Built target std_msgs_generate_messages_eus
[35m[1mScanning dependencies of target std_msgs_generate_messages_lisp[0m
[  5%] Built target std_msgs_generate_messages_lisp
[35m[1mScanning dependencies of target ddynamic_reconfigure_generate_messages_nodejs[0m
[ 11%] [34m[1mGenerating Javascript code from ddynamic_reconfigure/TutorialParams.srv[0m
[ 11%] Built target ddynamic_reconfigure_generate_messages_nodejs
[35m[1mScanning dependencies of target ddynamic_reconfigure_generate_messages_py[0m
[ 17%] [34m[1mGenerating Python code from SRV ddynamic_reconfigure/TutorialParams[0m
[ 23%] [34m[1mGenerating Python srv __init__.py for ddynamic_reconfigure[0m
[ 23%] Built target ddynamic_reconfigure_generate_messages_py
[35m[1mScanning dependencies of target ddynamic_reconfigure_generate_messages_cpp[0m
[ 29%] [34m[1mGenerating C++ code from ddynamic_reconfigure/TutorialParams.srv[0m
[ 29%] Built target ddynamic_reconfigure_generate_messages_cpp
[35m[1mScanning dependencies of target ddynamic_reconfigure_generate_messages_eus[0m
[ 35%] [34m[1mGenerating EusLisp code from ddynamic_reconfigure/TutorialParams.srv[0m
[ 41%] [34m[1mGenerating EusLisp manifest code for ddynamic_reconfigure[0m
[ 41%] Built target ddynamic_reconfigure_generate_messages_eus
[35m[1mScanning dependencies of target ddynamic_reconfigure_generate_messages_lisp[0m
[ 47%] [34m[1mGenerating Lisp code from ddynamic_reconfigure/TutorialParams.srv[0m
[ 47%] Built target ddynamic_reconfigure_generate_messages_lisp
[35m[1mScanning dependencies of target ddynamic_reconfigure_gencpp[0m
[ 47%] Built target ddynamic_reconfigure_gencpp
[35m[1mScanning dependencies of target ddynamic_reconfigure_generate_messages[0m
[ 47%] Built target ddynamic_reconfigure_generate_messages
[ 52%] [32mBuilding CXX object CMakeFiles/ddynamic_reconfigure.dir/src/param/dd_int_param.cpp.o[0m
[ 58%] [32mBuilding CXX object CMakeFiles/ddynamic_reconfigure.dir/src/param/dd_double_param.cpp.o[0m
[ 64%] [32mBuilding CXX object CMakeFiles/ddynamic_reconfigure.dir/src/param/dd_bool_param.cpp.o[0m
[ 70%] [32mBuilding CXX object CMakeFiles/ddynamic_reconfigure.dir/src/param/dd_string_param.cpp.o[0m
[ 76%] [32mBuilding CXX object CMakeFiles/ddynamic_reconfigure.dir/src/param/dd_enum_param.cpp.o[0m
[ 82%] [32mBuilding CXX object CMakeFiles/ddynamic_reconfigure.dir/src/dd_param.cpp.o[0m
[ 88%] [32m[1mLinking CXX shared library /home/rock64/adv_robotics/adv_robotics/catkin_ws/devel/.private/ddynamic_reconfigure/lib/libddynamic_reconfigure.so[0m
[ 88%] Built target ddynamic_reconfigure
[35m[1mScanning dependencies of target dd_server[0m
[ 94%] [32mBuilding CXX object CMakeFiles/dd_server.dir/test/dd_full_scale/dd_server.cpp.o[0m
[100%] [32m[1mLinking CXX executable /home/rock64/adv_robotics/adv_robotics/catkin_ws/devel/.private/ddynamic_reconfigure/lib/ddynamic_reconfigure/dd_server[0m
[100%] Built target dd_server
